# JRE version: Java(TM) SE Runtime Environment 18.9 (11.0.9+7) (build 11.0.9+7-LTS)
# Java VM: Java HotSpot(TM) 64-Bit Server VM 18.9 (11.0.9+7-LTS, mixed mode, tiered, compressed oops, parallel gc, windows-amd64)
Heap:
 PSYoungGen      total 26624K, used 0K [0x00000000eab00000, 0x00000000ecf80000, 0x0000000100000000)
  eden space 20992K, 0% used [0x00000000eab00000,0x00000000eab00000,0x00000000ebf80000)
  from space 5632K, 0% used [0x00000000ec700000,0x00000000ec700000,0x00000000ecc80000)
  to   space 2560K, 0% used [0x00000000ecd00000,0x00000000ecd00000,0x00000000ecf80000)
 ParOldGen       total 68608K, used 24655K [0x00000000c0000000, 0x00000000c4300000, 0x00000000eab00000)
  object space 68608K, 35% used [0x00000000c0000000,0x00000000c1813e30,0x00000000c4300000)
 Metaspace       used 33436K, capacity 35173K, committed 35328K, reserved 1081344K
  class space    used 3137K, capacity 3733K, committed 3840K, reserved 1048576K
GC Heap History (10 events):
Event: 17.626 GC heap before
{Heap before GC invocations=13 (full 1):
 PSYoungGen      total 24576K, used 24288K [0x00000000eab00000, 0x00000000ec680000, 0x0000000100000000)
  eden space 22016K, 100% used [0x00000000eab00000,0x00000000ec080000,0x00000000ec080000)
  from space 2560K, 88% used [0x00000000ec200000,0x00000000ec438010,0x00000000ec480000)
  to   space 2048K, 0% used [0x00000000ec480000,0x00000000ec480000,0x00000000ec680000)
 ParOldGen       total 68608K, used 16074K [0x00000000c0000000, 0x00000000c4300000, 0x00000000eab00000)
  object space 68608K, 23% used [0x00000000c0000000,0x00000000c0fb2b10,0x00000000c4300000)
 Metaspace       used 31364K, capacity 33001K, committed 33024K, reserved 1079296K
  class space    used 2993K, capacity 3582K, committed 3584K, reserved 1048576K
}
Event: 17.669 GC heap after
{Heap after GC invocations=13 (full 1):
 PSYoungGen      total 23040K, used 2016K [0x00000000eab00000, 0x00000000eca80000, 0x0000000100000000)
  eden space 20992K, 0% used [0x00000000eab00000,0x00000000eab00000,0x00000000ebf80000)
  from space 2048K, 98% used [0x00000000ec480000,0x00000000ec678010,0x00000000ec680000)
  to   space 5120K, 0% used [0x00000000ebf80000,0x00000000ebf80000,0x00000000ec480000)
 ParOldGen       total 68608K, used 18408K [0x00000000c0000000, 0x00000000c4300000, 0x00000000eab00000)
  object space 68608K, 26% used [0x00000000c0000000,0x00000000c11fa3c0,0x00000000c4300000)
 Metaspace       used 31364K, capacity 33001K, committed 33024K, reserved 1079296K
  class space    used 2993K, capacity 3582K, committed 3584K, reserved 1048576K
}
Event: 17.754 GC heap before
{Heap before GC invocations=14 (full 1):
 PSYoungGen      total 23040K, used 23008K [0x00000000eab00000, 0x00000000eca80000, 0x0000000100000000)
  eden space 20992K, 100% used [0x00000000eab00000,0x00000000ebf80000,0x00000000ebf80000)
  from space 2048K, 98% used [0x00000000ec480000,0x00000000ec678010,0x00000000ec680000)
  to   space 5120K, 0% used [0x00000000ebf80000,0x00000000ebf80000,0x00000000ec480000)
 ParOldGen       total 68608K, used 18408K [0x00000000c0000000, 0x00000000c4300000, 0x00000000eab00000)
  object space 68608K, 26% used [0x00000000c0000000,0x00000000c11fa3c0,0x00000000c4300000)
 Metaspace       used 31364K, capacity 33001K, committed 33024K, reserved 1079296K
  class space    used 2993K, capacity 3582K, committed 3584K, reserved 1048576K
}
Event: 17.825 GC heap after
{Heap after GC invocations=14 (full 1):
 PSYoungGen      total 26112K, used 1824K [0x00000000eab00000, 0x00000000ed200000, 0x0000000100000000)
  eden space 20992K, 0% used [0x00000000eab00000,0x00000000eab00000,0x00000000ebf80000)
  from space 5120K, 35% used [0x00000000ebf80000,0x00000000ec148000,0x00000000ec480000)
  to   space 3072K, 0% used [0x00000000ecf00000,0x00000000ecf00000,0x00000000ed200000)
 ParOldGen       total 68608K, used 20432K [0x00000000c0000000, 0x00000000c4300000, 0x00000000eab00000)
  object space 68608K, 29% used [0x00000000c0000000,0x00000000c13f43d0,0x00000000c4300000)
 Metaspace       used 31364K, capacity 33001K, committed 33024K, reserved 1079296K
  class space    used 2993K, capacity 3582K, committed 3584K, reserved 1048576K
}
Event: 32.363 GC heap before
{Heap before GC invocations=15 (full 1):
 PSYoungGen      total 26112K, used 22816K [0x00000000eab00000, 0x00000000ed200000, 0x0000000100000000)
  eden space 20992K, 100% used [0x00000000eab00000,0x00000000ebf80000,0x00000000ebf80000)
  from space 5120K, 35% used [0x00000000ebf80000,0x00000000ec148000,0x00000000ec480000)
  to   space 3072K, 0% used [0x00000000ecf00000,0x00000000ecf00000,0x00000000ed200000)
 ParOldGen       total 68608K, used 20432K [0x00000000c0000000, 0x00000000c4300000, 0x00000000eab00000)
  object space 68608K, 29% used [0x00000000c0000000,0x00000000c13f43d0,0x00000000c4300000)
 Metaspace       used 32012K, capacity 33797K, committed 33920K, reserved 1079296K
  class space    used 3045K, capacity 3637K, committed 3712K, reserved 1048576K
}
Event: 32.450 GC heap after
{Heap after GC invocations=15 (full 1):
 PSYoungGen      total 24064K, used 3046K [0x00000000eab00000, 0x00000000ed200000, 0x0000000100000000)
  eden space 20992K, 0% used [0x00000000eab00000,0x00000000eab00000,0x00000000ebf80000)
  from space 3072K, 99% used [0x00000000ecf00000,0x00000000ed1f99b0,0x00000000ed200000)
  to   space 5632K, 0% used [0x00000000ec700000,0x00000000ec700000,0x00000000ecc80000)
 ParOldGen       total 68608K, used 22436K [0x00000000c0000000, 0x00000000c4300000, 0x00000000eab00000)
  object space 68608K, 32% used [0x00000000c0000000,0x00000000c15e9270,0x00000000c4300000)
 Metaspace       used 32012K, capacity 33797K, committed 33920K, reserved 1079296K
  class space    used 3045K, capacity 3637K, committed 3712K, reserved 1048576K
}
Event: 33.515 GC heap before
{Heap before GC invocations=16 (full 1):
 PSYoungGen      total 24064K, used 21055K [0x00000000eab00000, 0x00000000ed200000, 0x0000000100000000)
  eden space 20992K, 85% used [0x00000000eab00000,0x00000000ebc962c0,0x00000000ebf80000)
  from space 3072K, 99% used [0x00000000ecf00000,0x00000000ed1f99b0,0x00000000ed200000)
  to   space 5632K, 0% used [0x00000000ec700000,0x00000000ec700000,0x00000000ecc80000)
 ParOldGen       total 68608K, used 22436K [0x00000000c0000000, 0x00000000c4300000, 0x00000000eab00000)
  object space 68608K, 32% used [0x00000000c0000000,0x00000000c15e9270,0x00000000c4300000)
 Metaspace       used 33436K, capacity 35173K, committed 35328K, reserved 1081344K
  class space    used 3137K, capacity 3733K, committed 3840K, reserved 1048576K
}
Event: 33.635 GC heap after
{Heap after GC invocations=16 (full 1):
 PSYoungGen      total 26624K, used 655K [0x00000000eab00000, 0x00000000ecf80000, 0x0000000100000000)
  eden space 20992K, 0% used [0x00000000eab00000,0x00000000eab00000,0x00000000ebf80000)
  from space 5632K, 11% used [0x00000000ec700000,0x00000000ec7a3f48,0x00000000ecc80000)
  to   space 2560K, 0% used [0x00000000ecd00000,0x00000000ecd00000,0x00000000ecf80000)
 ParOldGen       total 68608K, used 24906K [0x00000000c0000000, 0x00000000c4300000, 0x00000000eab00000)
  object space 68608K, 36% used [0x00000000c0000000,0x00000000c18529b8,0x00000000c4300000)
 Metaspace       used 33436K, capacity 35173K, committed 35328K, reserved 1081344K
  class space    used 3137K, capacity 3733K, committed 3840K, reserved 1048576K
}
Event: 33.635 GC heap before
{Heap before GC invocations=17 (full 2):
 PSYoungGen      total 26624K, used 655K [0x00000000eab00000, 0x00000000ecf80000, 0x0000000100000000)
  eden space 20992K, 0% used [0x00000000eab00000,0x00000000eab00000,0x00000000ebf80000)
  from space 5632K, 11% used [0x00000000ec700000,0x00000000ec7a3f48,0x00000000ecc80000)
  to   space 2560K, 0% used [0x00000000ecd00000,0x00000000ecd00000,0x00000000ecf80000)
 ParOldGen       total 68608K, used 24906K [0x00000000c0000000, 0x00000000c4300000, 0x00000000eab00000)
  object space 68608K, 36% used [0x00000000c0000000,0x00000000c18529b8,0x00000000c4300000)
 Metaspace       used 33436K, capacity 35173K, committed 35328K, reserved 1081344K
  class space    used 3137K, capacity 3733K, committed 3840K, reserved 1048576K
}
Event: 34.772 GC heap after
{Heap after GC invocations=17 (full 2):
 PSYoungGen      total 26624K, used 0K [0x00000000eab00000, 0x00000000ecf80000, 0x0000000100000000)
  eden space 20992K, 0% used [0x00000000eab00000,0x00000000eab00000,0x00000000ebf80000)
  from space 5632K, 0% used [0x00000000ec700000,0x00000000ec700000,0x00000000ecc80000)
  to   space 2560K, 0% used [0x00000000ecd00000,0x00000000ecd00000,0x00000000ecf80000)
 ParOldGen       total 68608K, used 24655K [0x00000000c0000000, 0x00000000c4300000, 0x00000000eab00000)
  object space 68608K, 35% used [0x00000000c0000000,0x00000000c1813e30,0x00000000c4300000)
 Metaspace       used 33436K, capacity 35173K, committed 35328K, reserved 1081344K
  class space    used 3137K, capacity 3733K, committed 3840K, reserved 1048576K
}

